CRITICAL - 2020-09-03 03:10:09 --> Too few arguments to function App\Controllers\Registration::view(), 0 passed in /srv/sites/project-root/vendor/codeigniter4/framework/system/CodeIgniter.php on line 918 and exactly 2 expected
#0 /srv/sites/project-root/vendor/codeigniter4/framework/system/CodeIgniter.php(918): App\Controllers\Registration->view()
#1 /srv/sites/project-root/vendor/codeigniter4/framework/system/CodeIgniter.php(404): CodeIgniter\CodeIgniter->runController(Object(App\Controllers\Registration))
#2 /srv/sites/project-root/vendor/codeigniter4/framework/system/CodeIgniter.php(312): CodeIgniter\CodeIgniter->handleRequest(NULL, Object(Config\Cache), false)
#3 /srv/sites/project-root/public/index.php(45): CodeIgniter\CodeIgniter->run()
#4 {main}
CRITICAL - 2020-09-03 04:36:38 --> Undefined variable: validation
#0 /srv/sites/project-root/app/Views/pages/home.php(1): CodeIgniter\Debug\Exceptions->errorHandler(8, 'Undefined varia...', '/srv/sites/proj...', 1, Array)
#1 /srv/sites/project-root/vendor/codeigniter4/framework/system/View/View.php(246): include('/srv/sites/proj...')
#2 /srv/sites/project-root/vendor/codeigniter4/framework/system/Common.php(1119): CodeIgniter\View\View->render('pages/home', Array, true)
#3 /srv/sites/project-root/app/Controllers/Registration.php(22): view('pages/home', Array)
#4 /srv/sites/project-root/vendor/codeigniter4/framework/system/CodeIgniter.php(918): App\Controllers\Registration->view()
#5 /srv/sites/project-root/vendor/codeigniter4/framework/system/CodeIgniter.php(404): CodeIgniter\CodeIgniter->runController(Object(App\Controllers\Registration))
#6 /srv/sites/project-root/vendor/codeigniter4/framework/system/CodeIgniter.php(312): CodeIgniter\CodeIgniter->handleRequest(NULL, Object(Config\Cache), false)
#7 /srv/sites/project-root/public/index.php(45): CodeIgniter\CodeIgniter->run()
#8 {main}
CRITICAL - 2020-09-03 04:49:11 --> Undefined variable: validation
#0 /srv/sites/project-root/app/Views/pages/home.php(1): CodeIgniter\Debug\Exceptions->errorHandler(8, 'Undefined varia...', '/srv/sites/proj...', 1, Array)
#1 /srv/sites/project-root/vendor/codeigniter4/framework/system/View/View.php(246): include('/srv/sites/proj...')
#2 /srv/sites/project-root/vendor/codeigniter4/framework/system/Common.php(1119): CodeIgniter\View\View->render('pages/home', Array, true)
#3 /srv/sites/project-root/app/Controllers/Registration.php(22): view('pages/home', Array)
#4 /srv/sites/project-root/vendor/codeigniter4/framework/system/CodeIgniter.php(918): App\Controllers\Registration->view()
#5 /srv/sites/project-root/vendor/codeigniter4/framework/system/CodeIgniter.php(404): CodeIgniter\CodeIgniter->runController(Object(App\Controllers\Registration))
#6 /srv/sites/project-root/vendor/codeigniter4/framework/system/CodeIgniter.php(312): CodeIgniter\CodeIgniter->handleRequest(NULL, Object(Config\Cache), false)
#7 /srv/sites/project-root/public/index.php(45): CodeIgniter\CodeIgniter->run()
#8 {main}
CRITICAL - 2020-09-03 04:51:45 --> Call to undefined function form_open()
#0 /srv/sites/project-root/vendor/codeigniter4/framework/system/View/View.php(246): include()
#1 /srv/sites/project-root/vendor/codeigniter4/framework/system/Common.php(1119): CodeIgniter\View\View->render('pages/home', Array, true)
#2 /srv/sites/project-root/app/Controllers/Registration.php(22): view('pages/home', Array)
#3 /srv/sites/project-root/vendor/codeigniter4/framework/system/CodeIgniter.php(918): App\Controllers\Registration->view()
#4 /srv/sites/project-root/vendor/codeigniter4/framework/system/CodeIgniter.php(404): CodeIgniter\CodeIgniter->runController(Object(App\Controllers\Registration))
#5 /srv/sites/project-root/vendor/codeigniter4/framework/system/CodeIgniter.php(312): CodeIgniter\CodeIgniter->handleRequest(NULL, Object(Config\Cache), false)
#6 /srv/sites/project-root/public/index.php(45): CodeIgniter\CodeIgniter->run()
#7 {main}
CRITICAL - 2020-09-03 04:53:34 --> Undefined variable: rules
#0 /srv/sites/project-root/app/Controllers/Registration.php(20): CodeIgniter\Debug\Exceptions->errorHandler(8, 'Undefined varia...', '/srv/sites/proj...', 20, Array)
#1 /srv/sites/project-root/vendor/codeigniter4/framework/system/CodeIgniter.php(918): App\Controllers\Registration->view()
#2 /srv/sites/project-root/vendor/codeigniter4/framework/system/CodeIgniter.php(404): CodeIgniter\CodeIgniter->runController(Object(App\Controllers\Registration))
#3 /srv/sites/project-root/vendor/codeigniter4/framework/system/CodeIgniter.php(312): CodeIgniter\CodeIgniter->handleRequest(NULL, Object(Config\Cache), false)
#4 /srv/sites/project-root/public/index.php(45): CodeIgniter\CodeIgniter->run()
#5 {main}
CRITICAL - 2020-09-03 04:53:53 --> Undefined variable: rules
#0 /srv/sites/project-root/app/Controllers/Registration.php(20): CodeIgniter\Debug\Exceptions->errorHandler(8, 'Undefined varia...', '/srv/sites/proj...', 20, Array)
#1 /srv/sites/project-root/vendor/codeigniter4/framework/system/CodeIgniter.php(918): App\Controllers\Registration->view()
#2 /srv/sites/project-root/vendor/codeigniter4/framework/system/CodeIgniter.php(404): CodeIgniter\CodeIgniter->runController(Object(App\Controllers\Registration))
#3 /srv/sites/project-root/vendor/codeigniter4/framework/system/CodeIgniter.php(312): CodeIgniter\CodeIgniter->handleRequest(NULL, Object(Config\Cache), false)
#4 /srv/sites/project-root/public/index.php(45): CodeIgniter\CodeIgniter->run()
#5 {main}
CRITICAL - 2020-09-03 05:09:41 --> Undefined property: App\Controllers\Registration::$validation
#0 /srv/sites/project-root/app/Controllers/Registration.php(21): CodeIgniter\Debug\Exceptions->errorHandler(8, 'Undefined prope...', '/srv/sites/proj...', 21, Array)
#1 /srv/sites/project-root/vendor/codeigniter4/framework/system/CodeIgniter.php(918): App\Controllers\Registration->view()
#2 /srv/sites/project-root/vendor/codeigniter4/framework/system/CodeIgniter.php(404): CodeIgniter\CodeIgniter->runController(Object(App\Controllers\Registration))
#3 /srv/sites/project-root/vendor/codeigniter4/framework/system/CodeIgniter.php(312): CodeIgniter\CodeIgniter->handleRequest(NULL, Object(Config\Cache), false)
#4 /srv/sites/project-root/public/index.php(45): CodeIgniter\CodeIgniter->run()
#5 {main}
CRITICAL - 2020-09-03 05:11:01 --> Invalid file: /registration/view.php
#0 /srv/sites/project-root/vendor/codeigniter4/framework/system/View/View.php(228): CodeIgniter\Exceptions\FrameworkException::forInvalidFile('/registration/v...')
#1 /srv/sites/project-root/vendor/codeigniter4/framework/system/Common.php(1119): CodeIgniter\View\View->render('/registration/v...', Array, true)
#2 /srv/sites/project-root/app/Controllers/Registration.php(96): view('/registration/v...', Array)
#3 /srv/sites/project-root/vendor/codeigniter4/framework/system/CodeIgniter.php(918): App\Controllers\Registration->login()
#4 /srv/sites/project-root/vendor/codeigniter4/framework/system/CodeIgniter.php(404): CodeIgniter\CodeIgniter->runController(Object(App\Controllers\Registration))
#5 /srv/sites/project-root/vendor/codeigniter4/framework/system/CodeIgniter.php(312): CodeIgniter\CodeIgniter->handleRequest(NULL, Object(Config\Cache), false)
#6 /srv/sites/project-root/public/index.php(45): CodeIgniter\CodeIgniter->run()
#7 {main}
CRITICAL - 2020-09-03 05:11:24 --> Invalid file: /registration/view.php
#0 /srv/sites/project-root/vendor/codeigniter4/framework/system/View/View.php(228): CodeIgniter\Exceptions\FrameworkException::forInvalidFile('/registration/v...')
#1 /srv/sites/project-root/vendor/codeigniter4/framework/system/Common.php(1119): CodeIgniter\View\View->render('/registration/v...', Array, true)
#2 /srv/sites/project-root/app/Controllers/Registration.php(96): view('/registration/v...')
#3 /srv/sites/project-root/vendor/codeigniter4/framework/system/CodeIgniter.php(918): App\Controllers\Registration->login()
#4 /srv/sites/project-root/vendor/codeigniter4/framework/system/CodeIgniter.php(404): CodeIgniter\CodeIgniter->runController(Object(App\Controllers\Registration))
#5 /srv/sites/project-root/vendor/codeigniter4/framework/system/CodeIgniter.php(312): CodeIgniter\CodeIgniter->handleRequest(NULL, Object(Config\Cache), false)
#6 /srv/sites/project-root/public/index.php(45): CodeIgniter\CodeIgniter->run()
#7 {main}
CRITICAL - 2020-09-03 05:11:26 --> Invalid file: /registration/view.php
#0 /srv/sites/project-root/vendor/codeigniter4/framework/system/View/View.php(228): CodeIgniter\Exceptions\FrameworkException::forInvalidFile('/registration/v...')
#1 /srv/sites/project-root/vendor/codeigniter4/framework/system/Common.php(1119): CodeIgniter\View\View->render('/registration/v...', Array, true)
#2 /srv/sites/project-root/app/Controllers/Registration.php(96): view('/registration/v...')
#3 /srv/sites/project-root/vendor/codeigniter4/framework/system/CodeIgniter.php(918): App\Controllers\Registration->login()
#4 /srv/sites/project-root/vendor/codeigniter4/framework/system/CodeIgniter.php(404): CodeIgniter\CodeIgniter->runController(Object(App\Controllers\Registration))
#5 /srv/sites/project-root/vendor/codeigniter4/framework/system/CodeIgniter.php(312): CodeIgniter\CodeIgniter->handleRequest(NULL, Object(Config\Cache), false)
#6 /srv/sites/project-root/public/index.php(45): CodeIgniter\CodeIgniter->run()
#7 {main}
CRITICAL - 2020-09-03 05:12:52 --> Invalid file: /registration/view.php
#0 /srv/sites/project-root/vendor/codeigniter4/framework/system/View/View.php(228): CodeIgniter\Exceptions\FrameworkException::forInvalidFile('/registration/v...')
#1 /srv/sites/project-root/vendor/codeigniter4/framework/system/Common.php(1119): CodeIgniter\View\View->render('/registration/v...', Array, true)
#2 /srv/sites/project-root/app/Controllers/Registration.php(96): view('/registration/v...')
#3 /srv/sites/project-root/vendor/codeigniter4/framework/system/CodeIgniter.php(918): App\Controllers\Registration->login()
#4 /srv/sites/project-root/vendor/codeigniter4/framework/system/CodeIgniter.php(404): CodeIgniter\CodeIgniter->runController(Object(App\Controllers\Registration))
#5 /srv/sites/project-root/vendor/codeigniter4/framework/system/CodeIgniter.php(312): CodeIgniter\CodeIgniter->handleRequest(NULL, Object(Config\Cache), false)
#6 /srv/sites/project-root/public/index.php(45): CodeIgniter\CodeIgniter->run()
#7 {main}
CRITICAL - 2020-09-03 05:19:48 --> Invalid file: pages/errorPages.php
#0 /srv/sites/project-root/vendor/codeigniter4/framework/system/View/View.php(228): CodeIgniter\Exceptions\FrameworkException::forInvalidFile('pages/errorPage...')
#1 /srv/sites/project-root/vendor/codeigniter4/framework/system/Common.php(1119): CodeIgniter\View\View->render('pages/errorPage...', Array, true)
#2 /srv/sites/project-root/app/Controllers/Registration.php(27): view('pages/errorPage...', Array)
#3 /srv/sites/project-root/vendor/codeigniter4/framework/system/CodeIgniter.php(918): App\Controllers\Registration->view()
#4 /srv/sites/project-root/vendor/codeigniter4/framework/system/CodeIgniter.php(404): CodeIgniter\CodeIgniter->runController(Object(App\Controllers\Registration))
#5 /srv/sites/project-root/vendor/codeigniter4/framework/system/CodeIgniter.php(312): CodeIgniter\CodeIgniter->handleRequest(NULL, Object(Config\Cache), false)
#6 /srv/sites/project-root/public/index.php(45): CodeIgniter\CodeIgniter->run()
#7 {main}
CRITICAL - 2020-09-03 05:20:16 --> Invalid file: /registration/view.php
#0 /srv/sites/project-root/vendor/codeigniter4/framework/system/View/View.php(228): CodeIgniter\Exceptions\FrameworkException::forInvalidFile('/registration/v...')
#1 /srv/sites/project-root/vendor/codeigniter4/framework/system/Common.php(1119): CodeIgniter\View\View->render('/registration/v...', Array, true)
#2 /srv/sites/project-root/app/Controllers/Registration.php(97): view('/registration/v...')
#3 /srv/sites/project-root/vendor/codeigniter4/framework/system/CodeIgniter.php(918): App\Controllers\Registration->login()
#4 /srv/sites/project-root/vendor/codeigniter4/framework/system/CodeIgniter.php(404): CodeIgniter\CodeIgniter->runController(Object(App\Controllers\Registration))
#5 /srv/sites/project-root/vendor/codeigniter4/framework/system/CodeIgniter.php(312): CodeIgniter\CodeIgniter->handleRequest(NULL, Object(Config\Cache), false)
#6 /srv/sites/project-root/public/index.php(45): CodeIgniter\CodeIgniter->run()
#7 {main}
CRITICAL - 2020-09-03 05:25:16 --> Invalid file: /registration/view/errorPage.php
#0 /srv/sites/project-root/vendor/codeigniter4/framework/system/View/View.php(228): CodeIgniter\Exceptions\FrameworkException::forInvalidFile('/registration/v...')
#1 /srv/sites/project-root/vendor/codeigniter4/framework/system/Common.php(1119): CodeIgniter\View\View->render('/registration/v...', Array, true)
#2 /srv/sites/project-root/app/Controllers/Registration.php(85): view('/registration/v...', Array)
#3 /srv/sites/project-root/vendor/codeigniter4/framework/system/CodeIgniter.php(918): App\Controllers\Registration->login()
#4 /srv/sites/project-root/vendor/codeigniter4/framework/system/CodeIgniter.php(404): CodeIgniter\CodeIgniter->runController(Object(App\Controllers\Registration))
#5 /srv/sites/project-root/vendor/codeigniter4/framework/system/CodeIgniter.php(312): CodeIgniter\CodeIgniter->handleRequest(NULL, Object(Config\Cache), false)
#6 /srv/sites/project-root/public/index.php(45): CodeIgniter\CodeIgniter->run()
#7 {main}
CRITICAL - 2020-09-03 06:07:54 --> validateUser is not a valid rule.
#0 /srv/sites/project-root/vendor/codeigniter4/framework/system/Validation/Validation.php(333): CodeIgniter\Validation\Exceptions\ValidationException::forRuleNotFound('validateUser')
#1 /srv/sites/project-root/vendor/codeigniter4/framework/system/Validation/Validation.php(189): CodeIgniter\Validation\Validation->processRules('password', 'password', 'ds;lffgkj#', Array, Array)
#2 /srv/sites/project-root/vendor/codeigniter4/framework/system/Controller.php(219): CodeIgniter\Validation\Validation->run()
#3 /srv/sites/project-root/app/Controllers/Registration.php(91): CodeIgniter\Controller->validate(Array, Array)
#4 /srv/sites/project-root/vendor/codeigniter4/framework/system/CodeIgniter.php(918): App\Controllers\Registration->login()
#5 /srv/sites/project-root/vendor/codeigniter4/framework/system/CodeIgniter.php(404): CodeIgniter\CodeIgniter->runController(Object(App\Controllers\Registration))
#6 /srv/sites/project-root/vendor/codeigniter4/framework/system/CodeIgniter.php(312): CodeIgniter\CodeIgniter->handleRequest(NULL, Object(Config\Cache), false)
#7 /srv/sites/project-root/public/index.php(45): CodeIgniter\CodeIgniter->run()
#8 {main}
CRITICAL - 2020-09-03 06:16:11 --> Call to a member function listErrors() on string
#0 /srv/sites/project-root/vendor/codeigniter4/framework/system/View/View.php(246): include()
#1 /srv/sites/project-root/vendor/codeigniter4/framework/system/Common.php(1119): CodeIgniter\View\View->render('pages/home', Array, true)
#2 /srv/sites/project-root/app/Controllers/Registration.php(21): view('pages/home', Array)
#3 /srv/sites/project-root/app/Controllers/Registration.php(91): App\Controllers\Registration->view('home', Array)
#4 /srv/sites/project-root/vendor/codeigniter4/framework/system/CodeIgniter.php(918): App\Controllers\Registration->login()
#5 /srv/sites/project-root/vendor/codeigniter4/framework/system/CodeIgniter.php(404): CodeIgniter\CodeIgniter->runController(Object(App\Controllers\Registration))
#6 /srv/sites/project-root/vendor/codeigniter4/framework/system/CodeIgniter.php(312): CodeIgniter\CodeIgniter->handleRequest(NULL, Object(Config\Cache), false)
#7 /srv/sites/project-root/public/index.php(45): CodeIgniter\CodeIgniter->run()
#8 {main}
CRITICAL - 2020-09-03 07:29:08 --> Undefined variable: title
#0 /srv/sites/project-root/app/Views/templates/header.php(49): CodeIgniter\Debug\Exceptions->errorHandler(8, 'Undefined varia...', '/srv/sites/proj...', 49, Array)
#1 /srv/sites/project-root/vendor/codeigniter4/framework/system/View/View.php(246): include('/srv/sites/proj...')
#2 /srv/sites/project-root/vendor/codeigniter4/framework/system/Common.php(1119): CodeIgniter\View\View->render('templates/heade...', Array, true)
#3 /srv/sites/project-root/app/Controllers/Registration.php(52): view('templates/heade...')
#4 /srv/sites/project-root/vendor/codeigniter4/framework/system/CodeIgniter.php(918): App\Controllers\Registration->menu()
#5 /srv/sites/project-root/vendor/codeigniter4/framework/system/CodeIgniter.php(404): CodeIgniter\CodeIgniter->runController(Object(App\Controllers\Registration))
#6 /srv/sites/project-root/vendor/codeigniter4/framework/system/CodeIgniter.php(312): CodeIgniter\CodeIgniter->handleRequest(NULL, Object(Config\Cache), false)
#7 /srv/sites/project-root/public/index.php(45): CodeIgniter\CodeIgniter->run()
#8 {main}
CRITICAL - 2020-09-03 07:35:00 --> Undefined variable: title
#0 /srv/sites/project-root/app/Views/templates/header.php(49): CodeIgniter\Debug\Exceptions->errorHandler(8, 'Undefined varia...', '/srv/sites/proj...', 49, Array)
#1 /srv/sites/project-root/vendor/codeigniter4/framework/system/View/View.php(246): include('/srv/sites/proj...')
#2 /srv/sites/project-root/vendor/codeigniter4/framework/system/Common.php(1119): CodeIgniter\View\View->render('templates/heade...', Array, true)
#3 /srv/sites/project-root/app/Controllers/Registration.php(20): view('templates/heade...', Array)
#4 /srv/sites/project-root/vendor/codeigniter4/framework/system/CodeIgniter.php(918): App\Controllers\Registration->view()
#5 /srv/sites/project-root/vendor/codeigniter4/framework/system/CodeIgniter.php(404): CodeIgniter\CodeIgniter->runController(Object(App\Controllers\Registration))
#6 /srv/sites/project-root/vendor/codeigniter4/framework/system/CodeIgniter.php(312): CodeIgniter\CodeIgniter->handleRequest(NULL, Object(Config\Cache), false)
#7 /srv/sites/project-root/public/index.php(45): CodeIgniter\CodeIgniter->run()
#8 {main}
CRITICAL - 2020-09-03 07:43:24 --> Undefined variable: validation
#0 /srv/sites/project-root/app/Views/pages/register.php(2): CodeIgniter\Debug\Exceptions->errorHandler(8, 'Undefined varia...', '/srv/sites/proj...', 2, Array)
#1 /srv/sites/project-root/vendor/codeigniter4/framework/system/View/View.php(246): include('/srv/sites/proj...')
#2 /srv/sites/project-root/vendor/codeigniter4/framework/system/Common.php(1119): CodeIgniter\View\View->render('pages/register', Array, true)
#3 /srv/sites/project-root/app/Controllers/Registration.php(21): view('pages/register', Array)
#4 /srv/sites/project-root/vendor/codeigniter4/framework/system/CodeIgniter.php(918): App\Controllers\Registration->view('register')
#5 /srv/sites/project-root/vendor/codeigniter4/framework/system/CodeIgniter.php(404): CodeIgniter\CodeIgniter->runController(Object(App\Controllers\Registration))
#6 /srv/sites/project-root/vendor/codeigniter4/framework/system/CodeIgniter.php(312): CodeIgniter\CodeIgniter->handleRequest(NULL, Object(Config\Cache), false)
#7 /srv/sites/project-root/public/index.php(45): CodeIgniter\CodeIgniter->run()
#8 {main}
CRITICAL - 2020-09-03 08:02:23 --> Argument 2 passed to CodeIgniter\HTTP\RedirectResponse::to() must be of the type integer or null, array given, called in /srv/sites/project-root/app/Controllers/Registration.php on line 38
#0 /srv/sites/project-root/app/Controllers/Registration.php(38): CodeIgniter\HTTP\RedirectResponse->to('pages/register', Array)
#1 /srv/sites/project-root/vendor/codeigniter4/framework/system/CodeIgniter.php(918): App\Controllers\Registration->save()
#2 /srv/sites/project-root/vendor/codeigniter4/framework/system/CodeIgniter.php(404): CodeIgniter\CodeIgniter->runController(Object(App\Controllers\Registration))
#3 /srv/sites/project-root/vendor/codeigniter4/framework/system/CodeIgniter.php(312): CodeIgniter\CodeIgniter->handleRequest(NULL, Object(Config\Cache), false)
#4 /srv/sites/project-root/public/index.php(45): CodeIgniter\CodeIgniter->run()
#5 {main}
CRITICAL - 2020-09-03 08:08:25 --> syntax error, unexpected 'public' (T_PUBLIC)
#0 /srv/sites/project-root/vendor/codeigniter4/framework/system/Router/Router.php(195): CodeIgniter\Router\Router->autoRoute('registration/sa...')
#1 /srv/sites/project-root/vendor/codeigniter4/framework/system/CodeIgniter.php(793): CodeIgniter\Router\Router->handle('registration/sa...')
#2 /srv/sites/project-root/vendor/codeigniter4/framework/system/CodeIgniter.php(364): CodeIgniter\CodeIgniter->tryToRouteIt(Object(CodeIgniter\Router\RouteCollection))
#3 /srv/sites/project-root/vendor/codeigniter4/framework/system/CodeIgniter.php(312): CodeIgniter\CodeIgniter->handleRequest(NULL, Object(Config\Cache), false)
#4 /srv/sites/project-root/public/index.php(45): CodeIgniter\CodeIgniter->run()
#5 {main}
CRITICAL - 2020-09-03 08:08:32 --> syntax error, unexpected 'public' (T_PUBLIC)
#0 /srv/sites/project-root/vendor/codeigniter4/framework/system/Router/Router.php(195): CodeIgniter\Router\Router->autoRoute('registration/vi...')
#1 /srv/sites/project-root/vendor/codeigniter4/framework/system/CodeIgniter.php(793): CodeIgniter\Router\Router->handle('registration/vi...')
#2 /srv/sites/project-root/vendor/codeigniter4/framework/system/CodeIgniter.php(364): CodeIgniter\CodeIgniter->tryToRouteIt(Object(CodeIgniter\Router\RouteCollection))
#3 /srv/sites/project-root/vendor/codeigniter4/framework/system/CodeIgniter.php(312): CodeIgniter\CodeIgniter->handleRequest(NULL, Object(Config\Cache), false)
#4 /srv/sites/project-root/public/index.php(45): CodeIgniter\CodeIgniter->run()
#5 {main}
CRITICAL - 2020-09-03 08:08:39 --> syntax error, unexpected 'public' (T_PUBLIC)
#0 /srv/sites/project-root/vendor/codeigniter4/framework/system/Autoloader/Autoloader.php(296): CodeIgniter\Autoloader\Autoloader->requireFile('/srv/sites/proj...')
#1 /srv/sites/project-root/vendor/codeigniter4/framework/system/Autoloader/Autoloader.php(258): CodeIgniter\Autoloader\Autoloader->loadInNamespace('App\\Controllers...')
#2 [internal function]: CodeIgniter\Autoloader\Autoloader->loadClass('App\\Controllers...')
#3 [internal function]: spl_autoload_call('App\\Controllers...')
#4 /srv/sites/project-root/vendor/codeigniter4/framework/system/CodeIgniter.php(869): class_exists('\\App\\Controller...', true)
#5 /srv/sites/project-root/vendor/codeigniter4/framework/system/CodeIgniter.php(394): CodeIgniter\CodeIgniter->startController()
#6 /srv/sites/project-root/vendor/codeigniter4/framework/system/CodeIgniter.php(312): CodeIgniter\CodeIgniter->handleRequest(NULL, Object(Config\Cache), false)
#7 /srv/sites/project-root/public/index.php(45): CodeIgniter\CodeIgniter->run()
#8 {main}
CRITICAL - 2020-09-03 10:05:23 --> Illegal string offset 'title'
#0 /srv/sites/project-root/app/Controllers/Registration.php(19): CodeIgniter\Debug\Exceptions->errorHandler(2, 'Illegal string ...', '/srv/sites/proj...', 19, Array)
#1 /srv/sites/project-root/app/Controllers/Registration.php(105): App\Controllers\Registration->view('restaurant_dash...', 'Dashboard')
#2 /srv/sites/project-root/vendor/codeigniter4/framework/system/CodeIgniter.php(918): App\Controllers\Registration->login()
#3 /srv/sites/project-root/vendor/codeigniter4/framework/system/CodeIgniter.php(404): CodeIgniter\CodeIgniter->runController(Object(App\Controllers\Registration))
#4 /srv/sites/project-root/vendor/codeigniter4/framework/system/CodeIgniter.php(312): CodeIgniter\CodeIgniter->handleRequest(NULL, Object(Config\Cache), false)
#5 /srv/sites/project-root/public/index.php(45): CodeIgniter\CodeIgniter->run()
#6 {main}
CRITICAL - 2020-09-03 10:05:37 --> Argument 2 passed to view() must be of the type array, string given, called in /srv/sites/project-root/app/Controllers/Registration.php on line 20
#0 /srv/sites/project-root/app/Controllers/Registration.php(20): view('templates/heade...', 'Dashboard')
#1 /srv/sites/project-root/app/Controllers/Registration.php(105): App\Controllers\Registration->view('restaurant_dash...', 'Dashboard')
#2 /srv/sites/project-root/vendor/codeigniter4/framework/system/CodeIgniter.php(918): App\Controllers\Registration->login()
#3 /srv/sites/project-root/vendor/codeigniter4/framework/system/CodeIgniter.php(404): CodeIgniter\CodeIgniter->runController(Object(App\Controllers\Registration))
#4 /srv/sites/project-root/vendor/codeigniter4/framework/system/CodeIgniter.php(312): CodeIgniter\CodeIgniter->handleRequest(NULL, Object(Config\Cache), false)
#5 /srv/sites/project-root/public/index.php(45): CodeIgniter\CodeIgniter->run()
#6 {main}
CRITICAL - 2020-09-03 10:05:55 --> Undefined variable: food
#0 /srv/sites/project-root/app/Views/pages/restaurant_dashboard.php(23): CodeIgniter\Debug\Exceptions->errorHandler(8, 'Undefined varia...', '/srv/sites/proj...', 23, Array)
#1 /srv/sites/project-root/vendor/codeigniter4/framework/system/View/View.php(246): include('/srv/sites/proj...')
#2 /srv/sites/project-root/vendor/codeigniter4/framework/system/Common.php(1119): CodeIgniter\View\View->render('pages/restauran...', Array, true)
#3 /srv/sites/project-root/app/Controllers/Registration.php(21): view('pages/restauran...', Array)
#4 /srv/sites/project-root/app/Controllers/Registration.php(105): App\Controllers\Registration->view('restaurant_dash...', Array)
#5 /srv/sites/project-root/vendor/codeigniter4/framework/system/CodeIgniter.php(918): App\Controllers\Registration->login()
#6 /srv/sites/project-root/vendor/codeigniter4/framework/system/CodeIgniter.php(404): CodeIgniter\CodeIgniter->runController(Object(App\Controllers\Registration))
#7 /srv/sites/project-root/vendor/codeigniter4/framework/system/CodeIgniter.php(312): CodeIgniter\CodeIgniter->handleRequest(NULL, Object(Config\Cache), false)
#8 /srv/sites/project-root/public/index.php(45): CodeIgniter\CodeIgniter->run()
#9 {main}
