CRITICAL - 2020-09-01 00:03:12 --> Call to undefined method CodeIgniter\Database\MySQLi\Connection::select()
#0 /srv/sites/project-root/app/Controllers/Registration.php(62): App\Models\FoodItems->getFoodItem()
#1 /srv/sites/project-root/vendor/codeigniter4/framework/system/CodeIgniter.php(918): App\Controllers\Registration->menu()
#2 /srv/sites/project-root/vendor/codeigniter4/framework/system/CodeIgniter.php(404): CodeIgniter\CodeIgniter->runController(Object(App\Controllers\Registration))
#3 /srv/sites/project-root/vendor/codeigniter4/framework/system/CodeIgniter.php(312): CodeIgniter\CodeIgniter->handleRequest(NULL, Object(Config\Cache), false)
#4 /srv/sites/project-root/public/index.php(45): CodeIgniter\CodeIgniter->run()
#5 {main}
CRITICAL - 2020-09-01 00:56:54 --> You must set the database table to be used with your query.
#0 /srv/sites/project-root/vendor/codeigniter4/framework/system/Model.php(1237): CodeIgniter\Database\BaseConnection->table(NULL)
#1 /srv/sites/project-root/vendor/codeigniter4/framework/system/Model.php(1816): CodeIgniter\Model->builder()
#2 /srv/sites/project-root/app/Controllers/Registration.php(97): CodeIgniter\Model->__call('where', Array)
#3 /srv/sites/project-root/vendor/codeigniter4/framework/system/CodeIgniter.php(918): App\Controllers\Registration->login()
#4 /srv/sites/project-root/vendor/codeigniter4/framework/system/CodeIgniter.php(404): CodeIgniter\CodeIgniter->runController(Object(App\Controllers\Registration))
#5 /srv/sites/project-root/vendor/codeigniter4/framework/system/CodeIgniter.php(312): CodeIgniter\CodeIgniter->handleRequest(NULL, Object(Config\Cache), false)
#6 /srv/sites/project-root/public/index.php(45): CodeIgniter\CodeIgniter->run()
#7 {main}
CRITICAL - 2020-09-01 00:57:23 --> You must set the database table to be used with your query.
#0 /srv/sites/project-root/vendor/codeigniter4/framework/system/Model.php(1237): CodeIgniter\Database\BaseConnection->table(NULL)
#1 /srv/sites/project-root/vendor/codeigniter4/framework/system/Model.php(1816): CodeIgniter\Model->builder()
#2 /srv/sites/project-root/app/Controllers/Registration.php(97): CodeIgniter\Model->__call('where', Array)
#3 /srv/sites/project-root/vendor/codeigniter4/framework/system/CodeIgniter.php(918): App\Controllers\Registration->login()
#4 /srv/sites/project-root/vendor/codeigniter4/framework/system/CodeIgniter.php(404): CodeIgniter\CodeIgniter->runController(Object(App\Controllers\Registration))
#5 /srv/sites/project-root/vendor/codeigniter4/framework/system/CodeIgniter.php(312): CodeIgniter\CodeIgniter->handleRequest(NULL, Object(Config\Cache), false)
#6 /srv/sites/project-root/public/index.php(45): CodeIgniter\CodeIgniter->run()
#7 {main}
CRITICAL - 2020-09-01 00:57:24 --> You must set the database table to be used with your query.
#0 /srv/sites/project-root/vendor/codeigniter4/framework/system/Model.php(1237): CodeIgniter\Database\BaseConnection->table(NULL)
#1 /srv/sites/project-root/vendor/codeigniter4/framework/system/Model.php(1816): CodeIgniter\Model->builder()
#2 /srv/sites/project-root/app/Controllers/Registration.php(97): CodeIgniter\Model->__call('where', Array)
#3 /srv/sites/project-root/vendor/codeigniter4/framework/system/CodeIgniter.php(918): App\Controllers\Registration->login()
#4 /srv/sites/project-root/vendor/codeigniter4/framework/system/CodeIgniter.php(404): CodeIgniter\CodeIgniter->runController(Object(App\Controllers\Registration))
#5 /srv/sites/project-root/vendor/codeigniter4/framework/system/CodeIgniter.php(312): CodeIgniter\CodeIgniter->handleRequest(NULL, Object(Config\Cache), false)
#6 /srv/sites/project-root/public/index.php(45): CodeIgniter\CodeIgniter->run()
#7 {main}
CRITICAL - 2020-09-01 00:59:07 --> You must set the database table to be used with your query.
#0 /srv/sites/project-root/vendor/codeigniter4/framework/system/Model.php(1237): CodeIgniter\Database\BaseConnection->table(NULL)
#1 /srv/sites/project-root/vendor/codeigniter4/framework/system/Model.php(1816): CodeIgniter\Model->builder()
#2 /srv/sites/project-root/app/Controllers/Registration.php(97): CodeIgniter\Model->__call('where', Array)
#3 /srv/sites/project-root/vendor/codeigniter4/framework/system/CodeIgniter.php(918): App\Controllers\Registration->login()
#4 /srv/sites/project-root/vendor/codeigniter4/framework/system/CodeIgniter.php(404): CodeIgniter\CodeIgniter->runController(Object(App\Controllers\Registration))
#5 /srv/sites/project-root/vendor/codeigniter4/framework/system/CodeIgniter.php(312): CodeIgniter\CodeIgniter->handleRequest(NULL, Object(Config\Cache), false)
#6 /srv/sites/project-root/public/index.php(45): CodeIgniter\CodeIgniter->run()
#7 {main}
CRITICAL - 2020-09-01 01:07:03 --> You must set the database table to be used with your query.
#0 /srv/sites/project-root/vendor/codeigniter4/framework/system/Model.php(1237): CodeIgniter\Database\BaseConnection->table(NULL)
#1 /srv/sites/project-root/vendor/codeigniter4/framework/system/Model.php(1816): CodeIgniter\Model->builder()
#2 /srv/sites/project-root/app/Controllers/Registration.php(97): CodeIgniter\Model->__call('where', Array)
#3 /srv/sites/project-root/vendor/codeigniter4/framework/system/CodeIgniter.php(918): App\Controllers\Registration->login()
#4 /srv/sites/project-root/vendor/codeigniter4/framework/system/CodeIgniter.php(404): CodeIgniter\CodeIgniter->runController(Object(App\Controllers\Registration))
#5 /srv/sites/project-root/vendor/codeigniter4/framework/system/CodeIgniter.php(312): CodeIgniter\CodeIgniter->handleRequest(NULL, Object(Config\Cache), false)
#6 /srv/sites/project-root/public/index.php(45): CodeIgniter\CodeIgniter->run()
#7 {main}
CRITICAL - 2020-09-01 01:07:51 --> You must set the database table to be used with your query.
#0 /srv/sites/project-root/vendor/codeigniter4/framework/system/Model.php(1237): CodeIgniter\Database\BaseConnection->table(NULL)
#1 /srv/sites/project-root/vendor/codeigniter4/framework/system/Model.php(1816): CodeIgniter\Model->builder()
#2 /srv/sites/project-root/app/Controllers/Registration.php(97): CodeIgniter\Model->__call('where', Array)
#3 /srv/sites/project-root/vendor/codeigniter4/framework/system/CodeIgniter.php(918): App\Controllers\Registration->login()
#4 /srv/sites/project-root/vendor/codeigniter4/framework/system/CodeIgniter.php(404): CodeIgniter\CodeIgniter->runController(Object(App\Controllers\Registration))
#5 /srv/sites/project-root/vendor/codeigniter4/framework/system/CodeIgniter.php(312): CodeIgniter\CodeIgniter->handleRequest(NULL, Object(Config\Cache), false)
#6 /srv/sites/project-root/public/index.php(45): CodeIgniter\CodeIgniter->run()
#7 {main}
CRITICAL - 2020-09-01 01:08:36 --> You must set the database table to be used with your query.
#0 /srv/sites/project-root/vendor/codeigniter4/framework/system/Model.php(1237): CodeIgniter\Database\BaseConnection->table(NULL)
#1 /srv/sites/project-root/vendor/codeigniter4/framework/system/Model.php(1816): CodeIgniter\Model->builder()
#2 /srv/sites/project-root/app/Controllers/Registration.php(97): CodeIgniter\Model->__call('where', Array)
#3 /srv/sites/project-root/vendor/codeigniter4/framework/system/CodeIgniter.php(918): App\Controllers\Registration->login()
#4 /srv/sites/project-root/vendor/codeigniter4/framework/system/CodeIgniter.php(404): CodeIgniter\CodeIgniter->runController(Object(App\Controllers\Registration))
#5 /srv/sites/project-root/vendor/codeigniter4/framework/system/CodeIgniter.php(312): CodeIgniter\CodeIgniter->handleRequest(NULL, Object(Config\Cache), false)
#6 /srv/sites/project-root/public/index.php(45): CodeIgniter\CodeIgniter->run()
#7 {main}
CRITICAL - 2020-09-01 01:11:08 --> You must set the database table to be used with your query.
#0 /srv/sites/project-root/vendor/codeigniter4/framework/system/Model.php(1237): CodeIgniter\Database\BaseConnection->table(NULL)
#1 /srv/sites/project-root/vendor/codeigniter4/framework/system/Model.php(1816): CodeIgniter\Model->builder()
#2 /srv/sites/project-root/app/Models/UserModel.php(27): CodeIgniter\Model->__call('getWhere', Array)
#3 /srv/sites/project-root/app/Controllers/Registration.php(96): App\Models\UserModel->getUser('LizanSamuel@day...')
#4 /srv/sites/project-root/vendor/codeigniter4/framework/system/CodeIgniter.php(918): App\Controllers\Registration->login()
#5 /srv/sites/project-root/vendor/codeigniter4/framework/system/CodeIgniter.php(404): CodeIgniter\CodeIgniter->runController(Object(App\Controllers\Registration))
#6 /srv/sites/project-root/vendor/codeigniter4/framework/system/CodeIgniter.php(312): CodeIgniter\CodeIgniter->handleRequest(NULL, Object(Config\Cache), false)
#7 /srv/sites/project-root/public/index.php(45): CodeIgniter\CodeIgniter->run()
#8 {main}
CRITICAL - 2020-09-01 01:12:59 --> Undefined variable: user
#0 /srv/sites/project-root/app/Controllers/Registration.php(99): CodeIgniter\Debug\Exceptions->errorHandler(8, 'Undefined varia...', '/srv/sites/proj...', 99, Array)
#1 /srv/sites/project-root/vendor/codeigniter4/framework/system/CodeIgniter.php(918): App\Controllers\Registration->login()
#2 /srv/sites/project-root/vendor/codeigniter4/framework/system/CodeIgniter.php(404): CodeIgniter\CodeIgniter->runController(Object(App\Controllers\Registration))
#3 /srv/sites/project-root/vendor/codeigniter4/framework/system/CodeIgniter.php(312): CodeIgniter\CodeIgniter->handleRequest(NULL, Object(Config\Cache), false)
#4 /srv/sites/project-root/public/index.php(45): CodeIgniter\CodeIgniter->run()
#5 {main}
CRITICAL - 2020-09-01 01:13:36 --> Cannot use object of type CodeIgniter\Database\MySQLi\Result as array
#0 /srv/sites/project-root/app/Controllers/Registration.php(99): App\Controllers\Registration->setUserSession(Object(CodeIgniter\Database\MySQLi\Result))
#1 /srv/sites/project-root/vendor/codeigniter4/framework/system/CodeIgniter.php(918): App\Controllers\Registration->login()
#2 /srv/sites/project-root/vendor/codeigniter4/framework/system/CodeIgniter.php(404): CodeIgniter\CodeIgniter->runController(Object(App\Controllers\Registration))
#3 /srv/sites/project-root/vendor/codeigniter4/framework/system/CodeIgniter.php(312): CodeIgniter\CodeIgniter->handleRequest(NULL, Object(Config\Cache), false)
#4 /srv/sites/project-root/public/index.php(45): CodeIgniter\CodeIgniter->run()
#5 {main}
CRITICAL - 2020-09-01 01:13:56 --> Call to undefined method CodeIgniter\Database\MySQLi\Result::first()
#0 /srv/sites/project-root/vendor/codeigniter4/framework/system/CodeIgniter.php(918): App\Controllers\Registration->login()
#1 /srv/sites/project-root/vendor/codeigniter4/framework/system/CodeIgniter.php(404): CodeIgniter\CodeIgniter->runController(Object(App\Controllers\Registration))
#2 /srv/sites/project-root/vendor/codeigniter4/framework/system/CodeIgniter.php(312): CodeIgniter\CodeIgniter->handleRequest(NULL, Object(Config\Cache), false)
#3 /srv/sites/project-root/public/index.php(45): CodeIgniter\CodeIgniter->run()
#4 {main}
CRITICAL - 2020-09-01 01:14:16 --> Cannot use object of type CodeIgniter\Database\MySQLi\Result as array
#0 /srv/sites/project-root/app/Controllers/Registration.php(99): App\Controllers\Registration->setUserSession(Object(CodeIgniter\Database\MySQLi\Result))
#1 /srv/sites/project-root/vendor/codeigniter4/framework/system/CodeIgniter.php(918): App\Controllers\Registration->login()
#2 /srv/sites/project-root/vendor/codeigniter4/framework/system/CodeIgniter.php(404): CodeIgniter\CodeIgniter->runController(Object(App\Controllers\Registration))
#3 /srv/sites/project-root/vendor/codeigniter4/framework/system/CodeIgniter.php(312): CodeIgniter\CodeIgniter->handleRequest(NULL, Object(Config\Cache), false)
#4 /srv/sites/project-root/public/index.php(45): CodeIgniter\CodeIgniter->run()
#5 {main}
CRITICAL - 2020-09-01 01:14:27 --> Call to undefined method CodeIgniter\Database\MySQLi\Result::first()
#0 /srv/sites/project-root/app/Controllers/Registration.php(96): App\Models\UserModel->getUser('LizanSamuel@day...')
#1 /srv/sites/project-root/vendor/codeigniter4/framework/system/CodeIgniter.php(918): App\Controllers\Registration->login()
#2 /srv/sites/project-root/vendor/codeigniter4/framework/system/CodeIgniter.php(404): CodeIgniter\CodeIgniter->runController(Object(App\Controllers\Registration))
#3 /srv/sites/project-root/vendor/codeigniter4/framework/system/CodeIgniter.php(312): CodeIgniter\CodeIgniter->handleRequest(NULL, Object(Config\Cache), false)
#4 /srv/sites/project-root/public/index.php(45): CodeIgniter\CodeIgniter->run()
#5 {main}
CRITICAL - 2020-09-01 02:33:28 --> Declaration of App\Models\UserModel::save($data) must be compatible with CodeIgniter\Model::save($data): bool
#0 [internal function]: CodeIgniter\Debug\Exceptions->shutdownHandler()
#1 {main}
CRITICAL - 2020-09-01 02:37:28 --> Undefined index: id
#0 /srv/sites/project-root/app/Controllers/Registration.php(94): CodeIgniter\Debug\Exceptions->errorHandler(8, 'Undefined index...', '/srv/sites/proj...', 94, Array)
#1 /srv/sites/project-root/app/Controllers/Registration.php(86): App\Controllers\Registration->setUserSession(Array)
#2 /srv/sites/project-root/vendor/codeigniter4/framework/system/CodeIgniter.php(918): App\Controllers\Registration->login()
#3 /srv/sites/project-root/vendor/codeigniter4/framework/system/CodeIgniter.php(404): CodeIgniter\CodeIgniter->runController(Object(App\Controllers\Registration))
#4 /srv/sites/project-root/vendor/codeigniter4/framework/system/CodeIgniter.php(312): CodeIgniter\CodeIgniter->handleRequest(NULL, Object(Config\Cache), false)
#5 /srv/sites/project-root/public/index.php(45): CodeIgniter\CodeIgniter->run()
#6 {main}
CRITICAL - 2020-09-01 02:39:01 --> Call to undefined method CodeIgniter\Database\MySQLi\Builder::findAll()
#0 /srv/sites/project-root/app/Controllers/Registration.php(42): App\Models\FoodItems->getFoodItem()
#1 /srv/sites/project-root/vendor/codeigniter4/framework/system/CodeIgniter.php(918): App\Controllers\Registration->getFoodItems()
#2 /srv/sites/project-root/vendor/codeigniter4/framework/system/CodeIgniter.php(404): CodeIgniter\CodeIgniter->runController(Object(App\Controllers\Registration))
#3 /srv/sites/project-root/vendor/codeigniter4/framework/system/CodeIgniter.php(312): CodeIgniter\CodeIgniter->handleRequest(NULL, Object(Config\Cache), false)
#4 /srv/sites/project-root/public/index.php(45): CodeIgniter\CodeIgniter->run()
#5 {main}
CRITICAL - 2020-09-01 02:39:30 --> Undefined index: restaurant_name
#0 /srv/sites/project-root/app/Views/pages/restaurant_dashboard.php(25): CodeIgniter\Debug\Exceptions->errorHandler(8, 'Undefined index...', '/srv/sites/proj...', 25, Array)
#1 /srv/sites/project-root/vendor/codeigniter4/framework/system/View/View.php(246): include('/srv/sites/proj...')
#2 /srv/sites/project-root/vendor/codeigniter4/framework/system/Common.php(1119): CodeIgniter\View\View->render('pages/restauran...', Array, true)
#3 /srv/sites/project-root/app/Controllers/Registration.php(43): view('pages/restauran...', Array)
#4 /srv/sites/project-root/vendor/codeigniter4/framework/system/CodeIgniter.php(918): App\Controllers\Registration->getFoodItems()
#5 /srv/sites/project-root/vendor/codeigniter4/framework/system/CodeIgniter.php(404): CodeIgniter\CodeIgniter->runController(Object(App\Controllers\Registration))
#6 /srv/sites/project-root/vendor/codeigniter4/framework/system/CodeIgniter.php(312): CodeIgniter\CodeIgniter->handleRequest(NULL, Object(Config\Cache), false)
#7 /srv/sites/project-root/public/index.php(45): CodeIgniter\CodeIgniter->run()
#8 {main}
CRITICAL - 2020-09-01 02:45:37 --> Undefined index: restaurant_name
#0 /srv/sites/project-root/app/Views/pages/menu.php(25): CodeIgniter\Debug\Exceptions->errorHandler(8, 'Undefined index...', '/srv/sites/proj...', 25, Array)
#1 /srv/sites/project-root/vendor/codeigniter4/framework/system/View/View.php(246): include('/srv/sites/proj...')
#2 /srv/sites/project-root/vendor/codeigniter4/framework/system/Common.php(1119): CodeIgniter\View\View->render('pages/menu', Array, true)
#3 /srv/sites/project-root/app/Controllers/Registration.php(49): view('pages/menu', Array)
#4 /srv/sites/project-root/vendor/codeigniter4/framework/system/CodeIgniter.php(918): App\Controllers\Registration->menu()
#5 /srv/sites/project-root/vendor/codeigniter4/framework/system/CodeIgniter.php(404): CodeIgniter\CodeIgniter->runController(Object(App\Controllers\Registration))
#6 /srv/sites/project-root/vendor/codeigniter4/framework/system/CodeIgniter.php(312): CodeIgniter\CodeIgniter->handleRequest(NULL, Object(Config\Cache), false)
#7 /srv/sites/project-root/public/index.php(45): CodeIgniter\CodeIgniter->run()
#8 {main}
CRITICAL - 2020-09-01 03:15:26 --> Cannot use object of type stdClass as array
#0 /srv/sites/project-root/vendor/codeigniter4/framework/system/CodeIgniter.php(918): App\Controllers\Registration->saveFood()
#1 /srv/sites/project-root/vendor/codeigniter4/framework/system/CodeIgniter.php(404): CodeIgniter\CodeIgniter->runController(Object(App\Controllers\Registration))
#2 /srv/sites/project-root/vendor/codeigniter4/framework/system/CodeIgniter.php(312): CodeIgniter\CodeIgniter->handleRequest(NULL, Object(Config\Cache), false)
#3 /srv/sites/project-root/public/index.php(45): CodeIgniter\CodeIgniter->run()
#4 {main}
CRITICAL - 2020-09-01 03:17:30 --> Call to undefined method CodeIgniter\Database\MySQLi\Result::getResaultArray()
#0 /srv/sites/project-root/app/Controllers/Registration.php(54): App\Models\FoodItems->getRestaurant('BettyKWaddell@r...')
#1 /srv/sites/project-root/vendor/codeigniter4/framework/system/CodeIgniter.php(918): App\Controllers\Registration->saveFood()
#2 /srv/sites/project-root/vendor/codeigniter4/framework/system/CodeIgniter.php(404): CodeIgniter\CodeIgniter->runController(Object(App\Controllers\Registration))
#3 /srv/sites/project-root/vendor/codeigniter4/framework/system/CodeIgniter.php(312): CodeIgniter\CodeIgniter->handleRequest(NULL, Object(Config\Cache), false)
#4 /srv/sites/project-root/public/index.php(45): CodeIgniter\CodeIgniter->run()
#5 {main}
CRITICAL - 2020-09-01 03:18:28 --> Undefined property: CodeIgniter\Database\MySQLi\Result::$getRowArray
#0 /srv/sites/project-root/app/Models/FoodItems.php(20): CodeIgniter\Debug\Exceptions->errorHandler(8, 'Undefined prope...', '/srv/sites/proj...', 20, Array)
#1 /srv/sites/project-root/app/Controllers/Registration.php(54): App\Models\FoodItems->getRestaurant('BettyKWaddell@r...')
#2 /srv/sites/project-root/vendor/codeigniter4/framework/system/CodeIgniter.php(918): App\Controllers\Registration->saveFood()
#3 /srv/sites/project-root/vendor/codeigniter4/framework/system/CodeIgniter.php(404): CodeIgniter\CodeIgniter->runController(Object(App\Controllers\Registration))
#4 /srv/sites/project-root/vendor/codeigniter4/framework/system/CodeIgniter.php(312): CodeIgniter\CodeIgniter->handleRequest(NULL, Object(Config\Cache), false)
#5 /srv/sites/project-root/public/index.php(45): CodeIgniter\CodeIgniter->run()
#6 {main}
CRITICAL - 2020-09-01 05:38:00 --> Undefined variable: food
#0 /srv/sites/project-root/app/Views/pages/menu.php(22): CodeIgniter\Debug\Exceptions->errorHandler(8, 'Undefined varia...', '/srv/sites/proj...', 22, Array)
#1 /srv/sites/project-root/vendor/codeigniter4/framework/system/View/View.php(246): include('/srv/sites/proj...')
#2 /srv/sites/project-root/vendor/codeigniter4/framework/system/Common.php(1119): CodeIgniter\View\View->render('pages/menu', Array, true)
#3 /srv/sites/project-root/app/Controllers/Registration.php(22): view('pages/menu', Array)
#4 /srv/sites/project-root/vendor/codeigniter4/framework/system/CodeIgniter.php(918): App\Controllers\Registration->view('menu')
#5 /srv/sites/project-root/vendor/codeigniter4/framework/system/CodeIgniter.php(404): CodeIgniter\CodeIgniter->runController(Object(App\Controllers\Registration))
#6 /srv/sites/project-root/vendor/codeigniter4/framework/system/CodeIgniter.php(312): CodeIgniter\CodeIgniter->handleRequest(NULL, Object(Config\Cache), false)
#7 /srv/sites/project-root/public/index.php(45): CodeIgniter\CodeIgniter->run()
#8 {main}
CRITICAL - 2020-09-01 05:38:29 --> Undefined variable: food
#0 /srv/sites/project-root/app/Views/pages/menu.php(22): CodeIgniter\Debug\Exceptions->errorHandler(8, 'Undefined varia...', '/srv/sites/proj...', 22, Array)
#1 /srv/sites/project-root/vendor/codeigniter4/framework/system/View/View.php(246): include('/srv/sites/proj...')
#2 /srv/sites/project-root/vendor/codeigniter4/framework/system/Common.php(1119): CodeIgniter\View\View->render('pages/menu', Array, true)
#3 /srv/sites/project-root/app/Controllers/Registration.php(22): view('pages/menu', Array)
#4 /srv/sites/project-root/vendor/codeigniter4/framework/system/CodeIgniter.php(918): App\Controllers\Registration->view('menu')
#5 /srv/sites/project-root/vendor/codeigniter4/framework/system/CodeIgniter.php(404): CodeIgniter\CodeIgniter->runController(Object(App\Controllers\Registration))
#6 /srv/sites/project-root/vendor/codeigniter4/framework/system/CodeIgniter.php(312): CodeIgniter\CodeIgniter->handleRequest(NULL, Object(Config\Cache), false)
#7 /srv/sites/project-root/public/index.php(45): CodeIgniter\CodeIgniter->run()
#8 {main}
CRITICAL - 2020-09-01 05:45:30 --> session_regenerate_id(): Cannot regenerate session id - session is not active
#0 [internal function]: CodeIgniter\Debug\Exceptions->errorHandler(2, 'session_regener...', '/srv/sites/proj...', 285, Array)
#1 /srv/sites/project-root/vendor/codeigniter4/framework/system/Session/Session.php(285): session_regenerate_id(true)
#2 /srv/sites/project-root/app/Views/pages/home.php(9): CodeIgniter\Session\Session->stop()
#3 /srv/sites/project-root/vendor/codeigniter4/framework/system/View/View.php(246): include('/srv/sites/proj...')
#4 /srv/sites/project-root/vendor/codeigniter4/framework/system/Common.php(1119): CodeIgniter\View\View->render('pages/home', Array, true)
#5 /srv/sites/project-root/app/Controllers/Registration.php(22): view('pages/home', Array)
#6 /srv/sites/project-root/vendor/codeigniter4/framework/system/CodeIgniter.php(918): App\Controllers\Registration->view()
#7 /srv/sites/project-root/vendor/codeigniter4/framework/system/CodeIgniter.php(404): CodeIgniter\CodeIgniter->runController(Object(App\Controllers\Registration))
#8 /srv/sites/project-root/vendor/codeigniter4/framework/system/CodeIgniter.php(312): CodeIgniter\CodeIgniter->handleRequest(NULL, Object(Config\Cache), false)
#9 /srv/sites/project-root/public/index.php(45): CodeIgniter\CodeIgniter->run()
#10 {main}
CRITICAL - 2020-09-01 05:53:37 --> session_regenerate_id(): Cannot regenerate session id - session is not active
#0 [internal function]: CodeIgniter\Debug\Exceptions->errorHandler(2, 'session_regener...', '/srv/sites/proj...', 285, Array)
#1 /srv/sites/project-root/vendor/codeigniter4/framework/system/Session/Session.php(285): session_regenerate_id(true)
#2 /srv/sites/project-root/app/Controllers/Registration.php(114): CodeIgniter\Session\Session->stop()
#3 /srv/sites/project-root/vendor/codeigniter4/framework/system/CodeIgniter.php(918): App\Controllers\Registration->logout()
#4 /srv/sites/project-root/vendor/codeigniter4/framework/system/CodeIgniter.php(404): CodeIgniter\CodeIgniter->runController(Object(App\Controllers\Registration))
#5 /srv/sites/project-root/vendor/codeigniter4/framework/system/CodeIgniter.php(312): CodeIgniter\CodeIgniter->handleRequest(NULL, Object(Config\Cache), false)
#6 /srv/sites/project-root/public/index.php(45): CodeIgniter\CodeIgniter->run()
#7 {main}
